2025-05-06 14:33:25.738 [main] DEBUG org.hibernate.SQL - select u1_0.id from user u1_0 where u1_0.username=? limit ?
2025-05-06 14:33:25.827 [main] DEBUG org.hibernate.SQL - insert into user (avatar,create_time,department,email,last_login_time,password,phone,position,real_name,status,update_time,username) values (?,?,?,?,?,?,?,?,?,?,?,?)
2025-05-06 15:32:41.428 [main] DEBUG org.hibernate.SQL - select u1_0.id from user u1_0 where u1_0.username=? limit ?
2025-05-06 15:38:38.080 [main] DEBUG org.hibernate.SQL [SqlStatementLogger.java:135] - select u1_0.id from user u1_0 where u1_0.username=? limit ?
2025-05-06 15:42:31.070 [main] DEBUG org.hibernate.SQL [SqlStatementLogger.java:135] - select u1_0.id from user u1_0 where u1_0.username=? limit ?
2025-05-06 17:16:12.167 [main] DEBUG org.hibernate.SQL [SqlStatementLogger.java:135] - select u1_0.id from user u1_0 where u1_0.username=? limit ?
2025-05-06 18:33:35.158 [http-nio-8080-exec-10] DEBUG org.hibernate.SQL [SqlStatementLogger.java:135] - select u1_0.id,u1_0.avatar,u1_0.create_time,u1_0.department,u1_0.email,u1_0.last_login_time,u1_0.password,u1_0.phone,u1_0.position,u1_0.real_name,u1_0.status,u1_0.update_time,u1_0.username from user u1_0 where u1_0.username=?
2025-05-06 18:33:42.279 [http-nio-8080-exec-1] DEBUG org.hibernate.SQL [SqlStatementLogger.java:135] - select u1_0.id,u1_0.avatar,u1_0.create_time,u1_0.department,u1_0.email,u1_0.last_login_time,u1_0.password,u1_0.phone,u1_0.position,u1_0.real_name,u1_0.status,u1_0.update_time,u1_0.username from user u1_0 where u1_0.username=?
2025-05-06 18:33:44.764 [http-nio-8080-exec-2] DEBUG org.hibernate.SQL [SqlStatementLogger.java:135] - select u1_0.id,u1_0.avatar,u1_0.create_time,u1_0.department,u1_0.email,u1_0.last_login_time,u1_0.password,u1_0.phone,u1_0.position,u1_0.real_name,u1_0.status,u1_0.update_time,u1_0.username from user u1_0 where u1_0.username=?
2025-05-06 18:33:46.225 [http-nio-8080-exec-3] DEBUG org.hibernate.SQL [SqlStatementLogger.java:135] - select u1_0.id,u1_0.avatar,u1_0.create_time,u1_0.department,u1_0.email,u1_0.last_login_time,u1_0.password,u1_0.phone,u1_0.position,u1_0.real_name,u1_0.status,u1_0.update_time,u1_0.username from user u1_0 where u1_0.username=?
2025-05-06 18:33:47.349 [http-nio-8080-exec-4] DEBUG org.hibernate.SQL [SqlStatementLogger.java:135] - select u1_0.id,u1_0.avatar,u1_0.create_time,u1_0.department,u1_0.email,u1_0.last_login_time,u1_0.password,u1_0.phone,u1_0.position,u1_0.real_name,u1_0.status,u1_0.update_time,u1_0.username from user u1_0 where u1_0.username=?
2025-05-06 18:33:48.452 [http-nio-8080-exec-5] DEBUG org.hibernate.SQL [SqlStatementLogger.java:135] - select u1_0.id,u1_0.avatar,u1_0.create_time,u1_0.department,u1_0.email,u1_0.last_login_time,u1_0.password,u1_0.phone,u1_0.position,u1_0.real_name,u1_0.status,u1_0.update_time,u1_0.username from user u1_0 where u1_0.username=?
2025-05-06 18:33:51.599 [http-nio-8080-exec-6] DEBUG org.hibernate.SQL [SqlStatementLogger.java:135] - select u1_0.id,u1_0.avatar,u1_0.create_time,u1_0.department,u1_0.email,u1_0.last_login_time,u1_0.password,u1_0.phone,u1_0.position,u1_0.real_name,u1_0.status,u1_0.update_time,u1_0.username from user u1_0 where u1_0.username=?
2025-05-06 18:34:11.326 [http-nio-8080-exec-7] DEBUG org.hibernate.SQL [SqlStatementLogger.java:135] - select u1_0.id,u1_0.avatar,u1_0.create_time,u1_0.department,u1_0.email,u1_0.last_login_time,u1_0.password,u1_0.phone,u1_0.position,u1_0.real_name,u1_0.status,u1_0.update_time,u1_0.username from user u1_0 where u1_0.username=?
2025-05-06 18:34:12.554 [http-nio-8080-exec-8] DEBUG org.hibernate.SQL [SqlStatementLogger.java:135] - select u1_0.id,u1_0.avatar,u1_0.create_time,u1_0.department,u1_0.email,u1_0.last_login_time,u1_0.password,u1_0.phone,u1_0.position,u1_0.real_name,u1_0.status,u1_0.update_time,u1_0.username from user u1_0 where u1_0.username=?
2025-05-06 18:34:12.876 [http-nio-8080-exec-9] DEBUG org.hibernate.SQL [SqlStatementLogger.java:135] - select u1_0.id,u1_0.avatar,u1_0.create_time,u1_0.department,u1_0.email,u1_0.last_login_time,u1_0.password,u1_0.phone,u1_0.position,u1_0.real_name,u1_0.status,u1_0.update_time,u1_0.username from user u1_0 where u1_0.username=?
2025-05-06 18:34:13.168 [http-nio-8080-exec-10] DEBUG org.hibernate.SQL [SqlStatementLogger.java:135] - select u1_0.id,u1_0.avatar,u1_0.create_time,u1_0.department,u1_0.email,u1_0.last_login_time,u1_0.password,u1_0.phone,u1_0.position,u1_0.real_name,u1_0.status,u1_0.update_time,u1_0.username from user u1_0 where u1_0.username=?
2025-05-06 18:34:13.352 [http-nio-8080-exec-1] DEBUG org.hibernate.SQL [SqlStatementLogger.java:135] - select u1_0.id,u1_0.avatar,u1_0.create_time,u1_0.department,u1_0.email,u1_0.last_login_time,u1_0.password,u1_0.phone,u1_0.position,u1_0.real_name,u1_0.status,u1_0.update_time,u1_0.username from user u1_0 where u1_0.username=?
2025-05-06 18:34:20.024 [http-nio-8080-exec-2] DEBUG org.hibernate.SQL [SqlStatementLogger.java:135] - select u1_0.id,u1_0.avatar,u1_0.create_time,u1_0.department,u1_0.email,u1_0.last_login_time,u1_0.password,u1_0.phone,u1_0.position,u1_0.real_name,u1_0.status,u1_0.update_time,u1_0.username from user u1_0 where u1_0.username=?
2025-05-06 18:38:44.244 [main] DEBUG org.hibernate.SQL [SqlStatementLogger.java:135] - select u1_0.id from user u1_0 where u1_0.username=? limit ?
2025-05-06 18:41:42.032 [http-nio-8080-exec-2] DEBUG org.hibernate.SQL [SqlStatementLogger.java:135] - select u1_0.id from user u1_0 where u1_0.username=? limit ?
2025-05-06 18:41:42.040 [http-nio-8080-exec-2] DEBUG org.hibernate.SQL [SqlStatementLogger.java:135] - select u1_0.id from user u1_0 where u1_0.username=? limit ?
2025-05-06 18:41:42.145 [http-nio-8080-exec-2] DEBUG org.hibernate.SQL [SqlStatementLogger.java:135] - insert into user (avatar,create_time,department,email,last_login_time,password,phone,position,real_name,status,update_time,username) values (?,?,?,?,?,?,?,?,?,?,?,?)
2025-05-06 18:41:48.265 [http-nio-8080-exec-3] DEBUG org.hibernate.SQL [SqlStatementLogger.java:135] - select u1_0.id,u1_0.avatar,u1_0.create_time,u1_0.department,u1_0.email,u1_0.last_login_time,u1_0.password,u1_0.phone,u1_0.position,u1_0.real_name,u1_0.status,u1_0.update_time,u1_0.username from user u1_0 where u1_0.username=?
2025-05-06 18:41:48.563 [http-nio-8080-exec-3] DEBUG org.hibernate.SQL [SqlStatementLogger.java:135] - select count(*) from user u1_0 where u1_0.id=?
2025-05-06 18:41:48.573 [http-nio-8080-exec-3] DEBUG org.hibernate.SQL [SqlStatementLogger.java:135] - update user set avatar=?,department=?,email=?,last_login_time=?,password=?,phone=?,position=?,real_name=?,status=?,update_time=?,username=? where id=?
2025-05-06 18:46:36.702 [http-nio-8080-exec-4] DEBUG org.hibernate.SQL [SqlStatementLogger.java:135] - select u1_0.id,u1_0.avatar,u1_0.create_time,u1_0.department,u1_0.email,u1_0.last_login_time,u1_0.password,u1_0.phone,u1_0.position,u1_0.real_name,u1_0.status,u1_0.update_time,u1_0.username from user u1_0 where u1_0.username=?
2025-05-06 18:47:28.261 [http-nio-8080-exec-5] DEBUG org.hibernate.SQL [SqlStatementLogger.java:135] - select u1_0.id,u1_0.avatar,u1_0.create_time,u1_0.department,u1_0.email,u1_0.last_login_time,u1_0.password,u1_0.phone,u1_0.position,u1_0.real_name,u1_0.status,u1_0.update_time,u1_0.username from user u1_0 where u1_0.username=?
2025-05-06 18:47:36.436 [http-nio-8080-exec-6] DEBUG org.hibernate.SQL [SqlStatementLogger.java:135] - select u1_0.id,u1_0.avatar,u1_0.create_time,u1_0.department,u1_0.email,u1_0.last_login_time,u1_0.password,u1_0.phone,u1_0.position,u1_0.real_name,u1_0.status,u1_0.update_time,u1_0.username from user u1_0 where u1_0.username=?
2025-05-06 18:50:14.749 [http-nio-8080-exec-7] DEBUG org.hibernate.SQL [SqlStatementLogger.java:135] - select u1_0.id,u1_0.avatar,u1_0.create_time,u1_0.department,u1_0.email,u1_0.last_login_time,u1_0.password,u1_0.phone,u1_0.position,u1_0.real_name,u1_0.status,u1_0.update_time,u1_0.username from user u1_0 where u1_0.username=?
2025-05-06 18:50:15.541 [http-nio-8080-exec-8] DEBUG org.hibernate.SQL [SqlStatementLogger.java:135] - select u1_0.id,u1_0.avatar,u1_0.create_time,u1_0.department,u1_0.email,u1_0.last_login_time,u1_0.password,u1_0.phone,u1_0.position,u1_0.real_name,u1_0.status,u1_0.update_time,u1_0.username from user u1_0 where u1_0.username=?
2025-05-06 18:51:25.961 [http-nio-8080-exec-9] DEBUG org.hibernate.SQL [SqlStatementLogger.java:135] - select u1_0.id,u1_0.avatar,u1_0.create_time,u1_0.department,u1_0.email,u1_0.last_login_time,u1_0.password,u1_0.phone,u1_0.position,u1_0.real_name,u1_0.status,u1_0.update_time,u1_0.username from user u1_0 where u1_0.username=?
2025-05-06 18:51:27.276 [http-nio-8080-exec-10] DEBUG org.hibernate.SQL [SqlStatementLogger.java:135] - select u1_0.id,u1_0.avatar,u1_0.create_time,u1_0.department,u1_0.email,u1_0.last_login_time,u1_0.password,u1_0.phone,u1_0.position,u1_0.real_name,u1_0.status,u1_0.update_time,u1_0.username from user u1_0 where u1_0.username=?
2025-05-06 18:51:27.436 [http-nio-8080-exec-1] DEBUG org.hibernate.SQL [SqlStatementLogger.java:135] - select u1_0.id,u1_0.avatar,u1_0.create_time,u1_0.department,u1_0.email,u1_0.last_login_time,u1_0.password,u1_0.phone,u1_0.position,u1_0.real_name,u1_0.status,u1_0.update_time,u1_0.username from user u1_0 where u1_0.username=?
2025-05-06 18:51:36.259 [main] DEBUG org.hibernate.SQL [SqlStatementLogger.java:135] - select u1_0.id from user u1_0 where u1_0.username=? limit ?
2025-05-06 18:51:50.943 [http-nio-8080-exec-1] DEBUG org.hibernate.SQL [SqlStatementLogger.java:135] - select u1_0.id,u1_0.avatar,u1_0.create_time,u1_0.department,u1_0.email,u1_0.last_login_time,u1_0.password,u1_0.phone,u1_0.position,u1_0.real_name,u1_0.status,u1_0.update_time,u1_0.username from user u1_0 where u1_0.username=?
2025-05-06 18:51:51.967 [http-nio-8080-exec-2] DEBUG org.hibernate.SQL [SqlStatementLogger.java:135] - select u1_0.id,u1_0.avatar,u1_0.create_time,u1_0.department,u1_0.email,u1_0.last_login_time,u1_0.password,u1_0.phone,u1_0.position,u1_0.real_name,u1_0.status,u1_0.update_time,u1_0.username from user u1_0 where u1_0.username=?
2025-05-06 18:51:58.115 [http-nio-8080-exec-3] DEBUG org.hibernate.SQL [SqlStatementLogger.java:135] - select u1_0.id,u1_0.avatar,u1_0.create_time,u1_0.department,u1_0.email,u1_0.last_login_time,u1_0.password,u1_0.phone,u1_0.position,u1_0.real_name,u1_0.status,u1_0.update_time,u1_0.username from user u1_0 where u1_0.username=?
2025-05-06 18:51:58.779 [http-nio-8080-exec-4] DEBUG org.hibernate.SQL [SqlStatementLogger.java:135] - select u1_0.id,u1_0.avatar,u1_0.create_time,u1_0.department,u1_0.email,u1_0.last_login_time,u1_0.password,u1_0.phone,u1_0.position,u1_0.real_name,u1_0.status,u1_0.update_time,u1_0.username from user u1_0 where u1_0.username=?
2025-05-06 18:52:49.491 [http-nio-8080-exec-7] DEBUG org.hibernate.SQL [SqlStatementLogger.java:135] - select u1_0.id from user u1_0 where u1_0.username=? limit ?
2025-05-06 18:52:49.498 [http-nio-8080-exec-7] DEBUG org.hibernate.SQL [SqlStatementLogger.java:135] - select u1_0.id from user u1_0 where u1_0.username=? limit ?
2025-05-06 18:52:49.598 [http-nio-8080-exec-7] DEBUG org.hibernate.SQL [SqlStatementLogger.java:135] - insert into user (avatar,create_time,department,email,last_login_time,password,phone,position,real_name,status,update_time,username) values (?,?,?,?,?,?,?,?,?,?,?,?)
2025-05-06 18:52:51.685 [http-nio-8080-exec-8] DEBUG org.hibernate.SQL [SqlStatementLogger.java:135] - select u1_0.id,u1_0.avatar,u1_0.create_time,u1_0.department,u1_0.email,u1_0.last_login_time,u1_0.password,u1_0.phone,u1_0.position,u1_0.real_name,u1_0.status,u1_0.update_time,u1_0.username from user u1_0 where u1_0.username=?
2025-05-06 18:52:52.007 [http-nio-8080-exec-8] DEBUG org.hibernate.SQL [SqlStatementLogger.java:135] - select count(*) from user u1_0 where u1_0.id=?
2025-05-06 18:52:52.018 [http-nio-8080-exec-8] DEBUG org.hibernate.SQL [SqlStatementLogger.java:135] - update user set avatar=?,department=?,email=?,last_login_time=?,password=?,phone=?,position=?,real_name=?,status=?,update_time=?,username=? where id=?
2025-05-06 18:52:52.072 [http-nio-8080-exec-9] DEBUG org.hibernate.SQL [SqlStatementLogger.java:135] - select u1_0.id,u1_0.avatar,u1_0.create_time,u1_0.department,u1_0.email,u1_0.last_login_time,u1_0.password,u1_0.phone,u1_0.position,u1_0.real_name,u1_0.status,u1_0.update_time,u1_0.username from user u1_0 where u1_0.username=?
2025-05-06 18:53:13.780 [http-nio-8080-exec-10] DEBUG org.hibernate.SQL [SqlStatementLogger.java:135] - select u1_0.id,u1_0.avatar,u1_0.create_time,u1_0.department,u1_0.email,u1_0.last_login_time,u1_0.password,u1_0.phone,u1_0.position,u1_0.real_name,u1_0.status,u1_0.update_time,u1_0.username from user u1_0 where u1_0.username=?
2025-05-06 18:53:18.003 [http-nio-8080-exec-1] DEBUG org.hibernate.SQL [SqlStatementLogger.java:135] - select u1_0.id,u1_0.avatar,u1_0.create_time,u1_0.department,u1_0.email,u1_0.last_login_time,u1_0.password,u1_0.phone,u1_0.position,u1_0.real_name,u1_0.status,u1_0.update_time,u1_0.username from user u1_0 where u1_0.username=?
2025-05-06 18:53:25.722 [http-nio-8080-exec-2] DEBUG org.hibernate.SQL [SqlStatementLogger.java:135] - select u1_0.id,u1_0.avatar,u1_0.create_time,u1_0.department,u1_0.email,u1_0.last_login_time,u1_0.password,u1_0.phone,u1_0.position,u1_0.real_name,u1_0.status,u1_0.update_time,u1_0.username from user u1_0 where u1_0.username=?
2025-05-06 18:53:34.958 [http-nio-8080-exec-3] DEBUG org.hibernate.SQL [SqlStatementLogger.java:135] - select u1_0.id,u1_0.avatar,u1_0.create_time,u1_0.department,u1_0.email,u1_0.last_login_time,u1_0.password,u1_0.phone,u1_0.position,u1_0.real_name,u1_0.status,u1_0.update_time,u1_0.username from user u1_0 where u1_0.username=?
2025-05-06 18:56:33.371 [http-nio-8080-exec-4] DEBUG org.hibernate.SQL [SqlStatementLogger.java:135] - select u1_0.id,u1_0.avatar,u1_0.create_time,u1_0.department,u1_0.email,u1_0.last_login_time,u1_0.password,u1_0.phone,u1_0.position,u1_0.real_name,u1_0.status,u1_0.update_time,u1_0.username from user u1_0 where u1_0.username=?
2025-05-06 18:58:01.618 [http-nio-8080-exec-5] DEBUG org.hibernate.SQL [SqlStatementLogger.java:135] - select u1_0.id,u1_0.avatar,u1_0.create_time,u1_0.department,u1_0.email,u1_0.last_login_time,u1_0.password,u1_0.phone,u1_0.position,u1_0.real_name,u1_0.status,u1_0.update_time,u1_0.username from user u1_0 where u1_0.username=?
2025-05-06 18:58:07.682 [http-nio-8080-exec-6] DEBUG org.hibernate.SQL [SqlStatementLogger.java:135] - select u1_0.id,u1_0.avatar,u1_0.create_time,u1_0.department,u1_0.email,u1_0.last_login_time,u1_0.password,u1_0.phone,u1_0.position,u1_0.real_name,u1_0.status,u1_0.update_time,u1_0.username from user u1_0 where u1_0.username=?
2025-05-06 19:00:06.594 [http-nio-8080-exec-7] DEBUG org.hibernate.SQL [SqlStatementLogger.java:135] - select u1_0.id,u1_0.avatar,u1_0.create_time,u1_0.department,u1_0.email,u1_0.last_login_time,u1_0.password,u1_0.phone,u1_0.position,u1_0.real_name,u1_0.status,u1_0.update_time,u1_0.username from user u1_0 where u1_0.username=?
2025-05-06 19:00:06.769 [http-nio-8080-exec-8] DEBUG org.hibernate.SQL [SqlStatementLogger.java:135] - select u1_0.id,u1_0.avatar,u1_0.create_time,u1_0.department,u1_0.email,u1_0.last_login_time,u1_0.password,u1_0.phone,u1_0.position,u1_0.real_name,u1_0.status,u1_0.update_time,u1_0.username from user u1_0 where u1_0.username=?
2025-05-06 19:00:48.140 [http-nio-8080-exec-9] DEBUG org.hibernate.SQL [SqlStatementLogger.java:135] - select u1_0.id,u1_0.avatar,u1_0.create_time,u1_0.department,u1_0.email,u1_0.last_login_time,u1_0.password,u1_0.phone,u1_0.position,u1_0.real_name,u1_0.status,u1_0.update_time,u1_0.username from user u1_0 where u1_0.username=?
2025-05-06 19:00:51.044 [http-nio-8080-exec-10] DEBUG org.hibernate.SQL [SqlStatementLogger.java:135] - select u1_0.id,u1_0.avatar,u1_0.create_time,u1_0.department,u1_0.email,u1_0.last_login_time,u1_0.password,u1_0.phone,u1_0.position,u1_0.real_name,u1_0.status,u1_0.update_time,u1_0.username from user u1_0 where u1_0.username=?
2025-05-06 19:00:56.418 [http-nio-8080-exec-1] DEBUG org.hibernate.SQL [SqlStatementLogger.java:135] - select u1_0.id,u1_0.avatar,u1_0.create_time,u1_0.department,u1_0.email,u1_0.last_login_time,u1_0.password,u1_0.phone,u1_0.position,u1_0.real_name,u1_0.status,u1_0.update_time,u1_0.username from user u1_0 where u1_0.username=?
2025-05-06 19:02:39.409 [http-nio-8080-exec-2] DEBUG org.hibernate.SQL [SqlStatementLogger.java:135] - select u1_0.id,u1_0.avatar,u1_0.create_time,u1_0.department,u1_0.email,u1_0.last_login_time,u1_0.password,u1_0.phone,u1_0.position,u1_0.real_name,u1_0.status,u1_0.update_time,u1_0.username from user u1_0 where u1_0.username=?
2025-05-06 19:03:32.906 [http-nio-8080-exec-3] DEBUG org.hibernate.SQL [SqlStatementLogger.java:135] - select u1_0.id,u1_0.avatar,u1_0.create_time,u1_0.department,u1_0.email,u1_0.last_login_time,u1_0.password,u1_0.phone,u1_0.position,u1_0.real_name,u1_0.status,u1_0.update_time,u1_0.username from user u1_0 where u1_0.username=?
2025-05-06 19:03:37.682 [http-nio-8080-exec-4] DEBUG org.hibernate.SQL [SqlStatementLogger.java:135] - select u1_0.id,u1_0.avatar,u1_0.create_time,u1_0.department,u1_0.email,u1_0.last_login_time,u1_0.password,u1_0.phone,u1_0.position,u1_0.real_name,u1_0.status,u1_0.update_time,u1_0.username from user u1_0 where u1_0.username=?
2025-05-06 19:03:46.073 [http-nio-8080-exec-5] DEBUG org.hibernate.SQL [SqlStatementLogger.java:135] - select u1_0.id,u1_0.avatar,u1_0.create_time,u1_0.department,u1_0.email,u1_0.last_login_time,u1_0.password,u1_0.phone,u1_0.position,u1_0.real_name,u1_0.status,u1_0.update_time,u1_0.username from user u1_0 where u1_0.username=?
2025-05-06 19:03:47.470 [http-nio-8080-exec-6] DEBUG org.hibernate.SQL [SqlStatementLogger.java:135] - select u1_0.id,u1_0.avatar,u1_0.create_time,u1_0.department,u1_0.email,u1_0.last_login_time,u1_0.password,u1_0.phone,u1_0.position,u1_0.real_name,u1_0.status,u1_0.update_time,u1_0.username from user u1_0 where u1_0.username=?
