2025-05-08 19:18:14.574 [main] DEBUG org.hibernate.SQL [SqlStatementLogger.java:135] - select u1_0.id from user u1_0 where u1_0.username=? limit ?
2025-05-08 19:18:14.691 [main] DEBUG org.hibernate.SQL [SqlStatementLogger.java:135] - insert into user (avatar,create_time,department,email,last_login_time,password,phone,position,real_name,status,update_time,username) values (?,?,?,?,?,?,?,?,?,?,?,?)
2025-05-08 19:19:38.975 [http-nio-8080-exec-1] DEBUG org.hibernate.SQL [SqlStatementLogger.java:135] - select u1_0.id,u1_0.avatar,u1_0.create_time,u1_0.department,u1_0.email,u1_0.last_login_time,u1_0.password,u1_0.phone,u1_0.position,u1_0.real_name,u1_0.status,u1_0.update_time,u1_0.username from user u1_0 where u1_0.username=?
2025-05-08 19:19:45.874 [http-nio-8080-exec-4] DEBUG org.hibernate.SQL [SqlStatementLogger.java:135] - select u1_0.id,u1_0.avatar,u1_0.create_time,u1_0.department,u1_0.email,u1_0.last_login_time,u1_0.password,u1_0.phone,u1_0.position,u1_0.real_name,u1_0.status,u1_0.update_time,u1_0.username from user u1_0 where u1_0.username=?
2025-05-08 19:19:48.162 [http-nio-8080-exec-3] DEBUG org.hibernate.SQL [SqlStatementLogger.java:135] - select u1_0.id,u1_0.avatar,u1_0.create_time,u1_0.department,u1_0.email,u1_0.last_login_time,u1_0.password,u1_0.phone,u1_0.position,u1_0.real_name,u1_0.status,u1_0.update_time,u1_0.username from user u1_0 where u1_0.username=?
2025-05-08 19:20:03.335 [http-nio-8080-exec-2] DEBUG org.hibernate.SQL [SqlStatementLogger.java:135] - select u1_0.id,u1_0.avatar,u1_0.create_time,u1_0.department,u1_0.email,u1_0.last_login_time,u1_0.password,u1_0.phone,u1_0.position,u1_0.real_name,u1_0.status,u1_0.update_time,u1_0.username from user u1_0 where u1_0.username=?
2025-05-08 19:20:03.584 [http-nio-8080-exec-2] DEBUG org.hibernate.SQL [SqlStatementLogger.java:135] - select count(*) from user u1_0 where u1_0.id=?
2025-05-08 19:20:03.596 [http-nio-8080-exec-2] DEBUG org.hibernate.SQL [SqlStatementLogger.java:135] - update user set avatar=?,department=?,email=?,last_login_time=?,password=?,phone=?,position=?,real_name=?,status=?,update_time=?,username=? where id=?
2025-05-08 19:20:39.448 [http-nio-8080-exec-5] DEBUG org.hibernate.SQL [SqlStatementLogger.java:135] - select u1_0.id,u1_0.avatar,u1_0.create_time,u1_0.department,u1_0.email,u1_0.last_login_time,u1_0.password,u1_0.phone,u1_0.position,u1_0.real_name,u1_0.status,u1_0.update_time,u1_0.username from user u1_0 where u1_0.username=?
2025-05-08 19:29:29.654 [http-nio-8080-exec-10] DEBUG org.hibernate.SQL [SqlStatementLogger.java:135] - select u1_0.id,u1_0.avatar,u1_0.create_time,u1_0.department,u1_0.email,u1_0.last_login_time,u1_0.password,u1_0.phone,u1_0.position,u1_0.real_name,u1_0.status,u1_0.update_time,u1_0.username from user u1_0 where u1_0.username=?
2025-05-08 19:29:37.678 [http-nio-8080-exec-7] DEBUG org.hibernate.SQL [SqlStatementLogger.java:135] - select u1_0.id,u1_0.avatar,u1_0.create_time,u1_0.department,u1_0.email,u1_0.last_login_time,u1_0.password,u1_0.phone,u1_0.position,u1_0.real_name,u1_0.status,u1_0.update_time,u1_0.username from user u1_0 where u1_0.username=?
2025-05-08 19:30:04.636 [main] DEBUG org.hibernate.SQL [SqlStatementLogger.java:135] - select u1_0.id from user u1_0 where u1_0.username=? limit ?
2025-05-08 19:30:18.692 [http-nio-8080-exec-1] DEBUG org.hibernate.SQL [SqlStatementLogger.java:135] - select u1_0.id,u1_0.avatar,u1_0.create_time,u1_0.department,u1_0.email,u1_0.last_login_time,u1_0.password,u1_0.phone,u1_0.position,u1_0.real_name,u1_0.status,u1_0.update_time,u1_0.username from user u1_0 where u1_0.username=?
2025-05-08 19:35:02.633 [http-nio-8080-exec-4] DEBUG org.hibernate.SQL [SqlStatementLogger.java:135] - select u1_0.id,u1_0.avatar,u1_0.create_time,u1_0.department,u1_0.email,u1_0.last_login_time,u1_0.password,u1_0.phone,u1_0.position,u1_0.real_name,u1_0.status,u1_0.update_time,u1_0.username from user u1_0 where u1_0.username=?
2025-05-08 19:35:09.462 [http-nio-8080-exec-3] DEBUG org.hibernate.SQL [SqlStatementLogger.java:135] - select u1_0.id,u1_0.avatar,u1_0.create_time,u1_0.department,u1_0.email,u1_0.last_login_time,u1_0.password,u1_0.phone,u1_0.position,u1_0.real_name,u1_0.status,u1_0.update_time,u1_0.username from user u1_0 where u1_0.username=?
2025-05-08 19:35:22.003 [main] DEBUG org.hibernate.SQL [SqlStatementLogger.java:135] - select u1_0.id from user u1_0 where u1_0.username=? limit ?
2025-05-08 19:35:28.437 [http-nio-8080-exec-1] DEBUG org.hibernate.SQL [SqlStatementLogger.java:135] - select u1_0.id,u1_0.avatar,u1_0.create_time,u1_0.department,u1_0.email,u1_0.last_login_time,u1_0.password,u1_0.phone,u1_0.position,u1_0.real_name,u1_0.status,u1_0.update_time,u1_0.username from user u1_0 where u1_0.username=?
2025-05-08 19:35:29.589 [http-nio-8080-exec-2] DEBUG org.hibernate.SQL [SqlStatementLogger.java:135] - select u1_0.id,u1_0.avatar,u1_0.create_time,u1_0.department,u1_0.email,u1_0.last_login_time,u1_0.password,u1_0.phone,u1_0.position,u1_0.real_name,u1_0.status,u1_0.update_time,u1_0.username from user u1_0 where u1_0.username=?
2025-05-08 19:35:30.414 [http-nio-8080-exec-5] DEBUG org.hibernate.SQL [SqlStatementLogger.java:135] - select u1_0.id,u1_0.avatar,u1_0.create_time,u1_0.department,u1_0.email,u1_0.last_login_time,u1_0.password,u1_0.phone,u1_0.position,u1_0.real_name,u1_0.status,u1_0.update_time,u1_0.username from user u1_0 where u1_0.username=?
2025-05-08 19:35:31.434 [http-nio-8080-exec-7] DEBUG org.hibernate.SQL [SqlStatementLogger.java:135] - select u1_0.id,u1_0.avatar,u1_0.create_time,u1_0.department,u1_0.email,u1_0.last_login_time,u1_0.password,u1_0.phone,u1_0.position,u1_0.real_name,u1_0.status,u1_0.update_time,u1_0.username from user u1_0 where u1_0.username=?
2025-05-08 19:35:32.719 [http-nio-8080-exec-3] DEBUG org.hibernate.SQL [SqlStatementLogger.java:135] - select u1_0.id,u1_0.avatar,u1_0.create_time,u1_0.department,u1_0.email,u1_0.last_login_time,u1_0.password,u1_0.phone,u1_0.position,u1_0.real_name,u1_0.status,u1_0.update_time,u1_0.username from user u1_0 where u1_0.username=?
2025-05-08 19:35:35.314 [http-nio-8080-exec-6] DEBUG org.hibernate.SQL [SqlStatementLogger.java:135] - select u1_0.id,u1_0.avatar,u1_0.create_time,u1_0.department,u1_0.email,u1_0.last_login_time,u1_0.password,u1_0.phone,u1_0.position,u1_0.real_name,u1_0.status,u1_0.update_time,u1_0.username from user u1_0 where u1_0.username=?
2025-05-08 19:35:36.385 [http-nio-8080-exec-4] DEBUG org.hibernate.SQL [SqlStatementLogger.java:135] - select u1_0.id,u1_0.avatar,u1_0.create_time,u1_0.department,u1_0.email,u1_0.last_login_time,u1_0.password,u1_0.phone,u1_0.position,u1_0.real_name,u1_0.status,u1_0.update_time,u1_0.username from user u1_0 where u1_0.username=?
2025-05-08 19:35:41.241 [http-nio-8080-exec-8] DEBUG org.hibernate.SQL [SqlStatementLogger.java:135] - select u1_0.id,u1_0.avatar,u1_0.create_time,u1_0.department,u1_0.email,u1_0.last_login_time,u1_0.password,u1_0.phone,u1_0.position,u1_0.real_name,u1_0.status,u1_0.update_time,u1_0.username from user u1_0 where u1_0.username=?
2025-05-08 19:35:41.984 [http-nio-8080-exec-9] DEBUG org.hibernate.SQL [SqlStatementLogger.java:135] - select u1_0.id,u1_0.avatar,u1_0.create_time,u1_0.department,u1_0.email,u1_0.last_login_time,u1_0.password,u1_0.phone,u1_0.position,u1_0.real_name,u1_0.status,u1_0.update_time,u1_0.username from user u1_0 where u1_0.username=?
2025-05-08 19:35:42.746 [http-nio-8080-exec-10] DEBUG org.hibernate.SQL [SqlStatementLogger.java:135] - select u1_0.id,u1_0.avatar,u1_0.create_time,u1_0.department,u1_0.email,u1_0.last_login_time,u1_0.password,u1_0.phone,u1_0.position,u1_0.real_name,u1_0.status,u1_0.update_time,u1_0.username from user u1_0 where u1_0.username=?
2025-05-08 19:35:43.579 [http-nio-8080-exec-1] DEBUG org.hibernate.SQL [SqlStatementLogger.java:135] - select u1_0.id,u1_0.avatar,u1_0.create_time,u1_0.department,u1_0.email,u1_0.last_login_time,u1_0.password,u1_0.phone,u1_0.position,u1_0.real_name,u1_0.status,u1_0.update_time,u1_0.username from user u1_0 where u1_0.username=?
2025-05-08 19:36:39.234 [http-nio-8080-exec-2] DEBUG org.hibernate.SQL [SqlStatementLogger.java:135] - select u1_0.id,u1_0.avatar,u1_0.create_time,u1_0.department,u1_0.email,u1_0.last_login_time,u1_0.password,u1_0.phone,u1_0.position,u1_0.real_name,u1_0.status,u1_0.update_time,u1_0.username from user u1_0 where u1_0.username=?
2025-05-08 19:37:32.214 [http-nio-8080-exec-5] DEBUG org.hibernate.SQL [SqlStatementLogger.java:135] - select u1_0.id,u1_0.avatar,u1_0.create_time,u1_0.department,u1_0.email,u1_0.last_login_time,u1_0.password,u1_0.phone,u1_0.position,u1_0.real_name,u1_0.status,u1_0.update_time,u1_0.username from user u1_0 where u1_0.username=?
2025-05-08 19:40:02.081 [http-nio-8080-exec-7] DEBUG org.hibernate.SQL [SqlStatementLogger.java:135] - select u1_0.id,u1_0.avatar,u1_0.create_time,u1_0.department,u1_0.email,u1_0.last_login_time,u1_0.password,u1_0.phone,u1_0.position,u1_0.real_name,u1_0.status,u1_0.update_time,u1_0.username from user u1_0 where u1_0.username=?
2025-05-08 19:40:08.720 [http-nio-8080-exec-3] DEBUG org.hibernate.SQL [SqlStatementLogger.java:135] - select u1_0.id,u1_0.avatar,u1_0.create_time,u1_0.department,u1_0.email,u1_0.last_login_time,u1_0.password,u1_0.phone,u1_0.position,u1_0.real_name,u1_0.status,u1_0.update_time,u1_0.username from user u1_0 where u1_0.username=?
2025-05-08 19:40:10.015 [http-nio-8080-exec-6] DEBUG org.hibernate.SQL [SqlStatementLogger.java:135] - select u1_0.id,u1_0.avatar,u1_0.create_time,u1_0.department,u1_0.email,u1_0.last_login_time,u1_0.password,u1_0.phone,u1_0.position,u1_0.real_name,u1_0.status,u1_0.update_time,u1_0.username from user u1_0 where u1_0.username=?
2025-05-08 19:40:10.259 [http-nio-8080-exec-6] DEBUG org.hibernate.SQL [SqlStatementLogger.java:135] - select count(*) from user u1_0 where u1_0.id=?
2025-05-08 19:40:10.283 [http-nio-8080-exec-6] DEBUG org.hibernate.SQL [SqlStatementLogger.java:135] - update user set avatar=?,department=?,email=?,last_login_time=?,password=?,phone=?,position=?,real_name=?,status=?,update_time=?,username=? where id=?
2025-05-08 19:42:12.875 [http-nio-8080-exec-4] DEBUG org.hibernate.SQL [SqlStatementLogger.java:135] - select u1_0.id,u1_0.avatar,u1_0.create_time,u1_0.department,u1_0.email,u1_0.last_login_time,u1_0.password,u1_0.phone,u1_0.position,u1_0.real_name,u1_0.status,u1_0.update_time,u1_0.username from user u1_0 where u1_0.username=?
2025-05-08 19:46:05.363 [main] DEBUG org.hibernate.SQL [SqlStatementLogger.java:135] - select u1_0.id from user u1_0 where u1_0.username=? limit ?
2025-05-08 19:48:42.931 [http-nio-8080-exec-1] DEBUG org.hibernate.SQL [SqlStatementLogger.java:135] - select u1_0.id,u1_0.avatar,u1_0.create_time,u1_0.department,u1_0.email,u1_0.last_login_time,u1_0.password,u1_0.phone,u1_0.position,u1_0.real_name,u1_0.status,u1_0.update_time,u1_0.username from user u1_0 where u1_0.username=?
2025-05-08 19:48:50.268 [http-nio-8080-exec-4] DEBUG org.hibernate.SQL [SqlStatementLogger.java:135] - select u1_0.id,u1_0.avatar,u1_0.create_time,u1_0.department,u1_0.email,u1_0.last_login_time,u1_0.password,u1_0.phone,u1_0.position,u1_0.real_name,u1_0.status,u1_0.update_time,u1_0.username from user u1_0 where u1_0.username=?
2025-05-08 19:48:58.151 [main] DEBUG org.hibernate.SQL [SqlStatementLogger.java:135] - select u1_0.id from user u1_0 where u1_0.username=? limit ?
2025-05-08 19:49:14.786 [http-nio-8080-exec-1] DEBUG org.hibernate.SQL [SqlStatementLogger.java:135] - select u1_0.id,u1_0.avatar,u1_0.create_time,u1_0.department,u1_0.email,u1_0.last_login_time,u1_0.password,u1_0.phone,u1_0.position,u1_0.real_name,u1_0.status,u1_0.update_time,u1_0.username from user u1_0 where u1_0.username=?
2025-05-08 19:50:08.328 [http-nio-8080-exec-4] DEBUG org.hibernate.SQL [SqlStatementLogger.java:135] - select u1_0.id from user u1_0 where u1_0.username=? limit ?
2025-05-08 19:50:08.334 [http-nio-8080-exec-4] DEBUG org.hibernate.SQL [SqlStatementLogger.java:135] - select u1_0.id from user u1_0 where u1_0.username=? limit ?
2025-05-08 19:50:08.420 [http-nio-8080-exec-4] DEBUG org.hibernate.SQL [SqlStatementLogger.java:135] - insert into user (avatar,create_time,department,email,last_login_time,password,phone,position,real_name,status,update_time,username) values (?,?,?,?,?,?,?,?,?,?,?,?)
2025-05-08 19:50:11.418 [http-nio-8080-exec-6] DEBUG org.hibernate.SQL [SqlStatementLogger.java:135] - select u1_0.id,u1_0.avatar,u1_0.create_time,u1_0.department,u1_0.email,u1_0.last_login_time,u1_0.password,u1_0.phone,u1_0.position,u1_0.real_name,u1_0.status,u1_0.update_time,u1_0.username from user u1_0 where u1_0.username=?
2025-05-08 19:50:11.662 [http-nio-8080-exec-6] DEBUG org.hibernate.SQL [SqlStatementLogger.java:135] - select count(*) from user u1_0 where u1_0.id=?
2025-05-08 19:50:11.673 [http-nio-8080-exec-6] DEBUG org.hibernate.SQL [SqlStatementLogger.java:135] - update user set avatar=?,department=?,email=?,last_login_time=?,password=?,phone=?,position=?,real_name=?,status=?,update_time=?,username=? where id=?
2025-05-08 19:52:01.199 [http-nio-8080-exec-7] DEBUG org.hibernate.SQL [SqlStatementLogger.java:135] - select u1_0.id,u1_0.avatar,u1_0.create_time,u1_0.department,u1_0.email,u1_0.last_login_time,u1_0.password,u1_0.phone,u1_0.position,u1_0.real_name,u1_0.status,u1_0.update_time,u1_0.username from user u1_0 where u1_0.username=?
2025-05-08 19:52:01.262 [http-nio-8080-exec-7] DEBUG org.hibernate.SQL [SqlStatementLogger.java:135] - select count(*) from user u1_0 where u1_0.id=?
2025-05-08 19:52:01.265 [http-nio-8080-exec-7] DEBUG org.hibernate.SQL [SqlStatementLogger.java:135] - update user set avatar=?,department=?,email=?,last_login_time=?,password=?,phone=?,position=?,real_name=?,status=?,update_time=?,username=? where id=?
2025-05-08 20:27:18.690 [main] DEBUG org.hibernate.SQL [SqlStatementLogger.java:135] - select u1_0.id from user u1_0 where u1_0.username=? limit ?
2025-05-08 20:32:20.656 [main] DEBUG org.hibernate.SQL [SqlStatementLogger.java:135] - select u1_0.id from user u1_0 where u1_0.username=? limit ?
2025-05-08 20:32:25.787 [http-nio-8080-exec-1] DEBUG org.hibernate.SQL [SqlStatementLogger.java:135] - select u1_0.id,u1_0.avatar,u1_0.create_time,u1_0.department,u1_0.email,u1_0.last_login_time,u1_0.password,u1_0.phone,u1_0.position,u1_0.real_name,u1_0.status,u1_0.update_time,u1_0.username from user u1_0 where u1_0.username=?
2025-05-08 20:32:28.657 [http-nio-8080-exec-2] DEBUG org.hibernate.SQL [SqlStatementLogger.java:135] - select u1_0.id,u1_0.avatar,u1_0.create_time,u1_0.department,u1_0.email,u1_0.last_login_time,u1_0.password,u1_0.phone,u1_0.position,u1_0.real_name,u1_0.status,u1_0.update_time,u1_0.username from user u1_0 where u1_0.username=?
2025-05-08 20:32:41.509 [http-nio-8080-exec-6] DEBUG org.hibernate.SQL [SqlStatementLogger.java:135] - select u1_0.id,u1_0.avatar,u1_0.create_time,u1_0.department,u1_0.email,u1_0.last_login_time,u1_0.password,u1_0.phone,u1_0.position,u1_0.real_name,u1_0.status,u1_0.update_time,u1_0.username from user u1_0 where u1_0.username=?
2025-05-08 20:32:44.748 [http-nio-8080-exec-4] DEBUG org.hibernate.SQL [SqlStatementLogger.java:135] - select u1_0.id,u1_0.avatar,u1_0.create_time,u1_0.department,u1_0.email,u1_0.last_login_time,u1_0.password,u1_0.phone,u1_0.position,u1_0.real_name,u1_0.status,u1_0.update_time,u1_0.username from user u1_0 where u1_0.username=?
2025-05-08 20:32:46.399 [http-nio-8080-exec-5] DEBUG org.hibernate.SQL [SqlStatementLogger.java:135] - select u1_0.id,u1_0.avatar,u1_0.create_time,u1_0.department,u1_0.email,u1_0.last_login_time,u1_0.password,u1_0.phone,u1_0.position,u1_0.real_name,u1_0.status,u1_0.update_time,u1_0.username from user u1_0 where u1_0.username=?
2025-05-08 20:32:46.660 [http-nio-8080-exec-5] DEBUG org.hibernate.SQL [SqlStatementLogger.java:135] - select count(*) from user u1_0 where u1_0.id=?
2025-05-08 20:32:46.690 [http-nio-8080-exec-5] DEBUG org.hibernate.SQL [SqlStatementLogger.java:135] - update user set avatar=?,department=?,email=?,last_login_time=?,password=?,phone=?,position=?,real_name=?,status=?,update_time=?,username=? where id=?
2025-05-08 20:34:35.414 [main] DEBUG org.hibernate.SQL [SqlStatementLogger.java:135] - select u1_0.id from user u1_0 where u1_0.username=? limit ?
2025-05-08 20:34:39.151 [http-nio-8080-exec-1] DEBUG org.hibernate.SQL [SqlStatementLogger.java:135] - select u1_0.id,u1_0.avatar,u1_0.create_time,u1_0.department,u1_0.email,u1_0.last_login_time,u1_0.password,u1_0.phone,u1_0.position,u1_0.real_name,u1_0.status,u1_0.update_time,u1_0.username from user u1_0 where u1_0.username=?
2025-05-08 20:35:14.550 [main] DEBUG org.hibernate.SQL [SqlStatementLogger.java:135] - select u1_0.id from user u1_0 where u1_0.username=? limit ?
2025-05-08 20:35:25.523 [http-nio-8080-exec-1] DEBUG org.hibernate.SQL [SqlStatementLogger.java:135] - select u1_0.id,u1_0.avatar,u1_0.create_time,u1_0.department,u1_0.email,u1_0.last_login_time,u1_0.password,u1_0.phone,u1_0.position,u1_0.real_name,u1_0.status,u1_0.update_time,u1_0.username from user u1_0 where u1_0.username=?
